=== Suite started at 2019-03-21 14:26:43
=== Starting test, 3 test cases
=cases         3
=user          root
=host          cdw-VirtualBox
=hosts         cdw-VirtualBox 
=emulator_vsn  9.3
=emulator      beam
=otp_release   20
=started       2019-03-21 14:26:43
=case          mafiapp_SUITE:init_per_suite
=logfile       mafiapp_suite.init_per_suite.html
=started       2019-03-21 14:26:43
=ended         2019-03-21 14:26:43
=result        ok
=elapsed       0.35831
=case          mafiapp_SUITE:add_service
=logfile       mafiapp_suite.add_service.html
=started       2019-03-21 14:26:43
=ended         2019-03-21 14:26:43
=result        ok
=elapsed       2.42e-4
=case          mafiapp_SUITE:friend_by_name
=logfile       mafiapp_suite.friend_by_name.html
=started       2019-03-21 14:26:43
=ended         2019-03-21 14:26:43
=result        ok
=elapsed       1.32e-4
=case          mafiapp_SUITE:friend_with_services
=logfile       mafiapp_suite.friend_with_services.html
=started       2019-03-21 14:26:43
=ended         2019-03-21 14:26:43
=result        ok
=elapsed       2.11e-4
=case          mafiapp_SUITE:end_per_suite
=logfile       mafiapp_suite.end_per_suite.html
=started       2019-03-21 14:26:43
=ended         2019-03-21 14:26:43
=result        ok
=elapsed       0.001688
=group_time    0.532s
=== TEST COMPLETE, 3 ok, 0 failed of 3 test cases

=finished      2019-03-21 14:26:43
=failed        0
=successful    3
=user_skipped  0
=auto_skipped  0
