=== Suite started at 2019-03-21 13:39:37
=== Starting test, 1 test cases
=cases         1
=user          Administrator
=host          FkingAnimal
=hosts         FkingAnimal 
=emulator_vsn  9.3
=emulator      beam
=otp_release   20
=started       2019-03-21 13:39:37
=case          mafiapp_SUITE:init_per_suite
=logfile       mafiapp_suite.init_per_suite.html
=started       2019-03-21 13:39:37
=ended         2019-03-21 13:39:38
=result        ok
=elapsed       0.484
=case          mafiapp_SUITE:add_service
=logfile       mafiapp_suite.add_service.html
=started       2019-03-21 13:39:38
=ended         2019-03-21 13:39:38
=result        ok
=elapsed       0.0
=case          mafiapp_SUITE:end_per_suite
=logfile       mafiapp_suite.end_per_suite.html
=started       2019-03-21 13:39:38
=ended         2019-03-21 13:39:38
=result        ok
=elapsed       0.047
=group_time    0.557s
=== TEST COMPLETE, 1 ok, 0 failed of 1 test cases

=finished      2019-03-21 13:39:38
=failed        0
=successful    1
=user_skipped  0
=auto_skipped  0
